C51 COMPILER V7.06   ADC                                                                   12/14/2024 17:13:28 PAGE 1   


C51 COMPILER V7.06, COMPILATION OF MODULE ADC
OBJECT MODULE PLACED IN ADC.OBJ
COMPILER INVOKED BY: H:\keil\C51\BIN\C51.EXE ADC.c BROWSE DEBUG OBJECTEXTEND

stmt level    source

   1          #include "ADC.H"
   2          
   3          /*----------------------------
   4          Get ADC result
   5          ----------------------------*/
   6          void GetADCResult(unsigned char ch,unsigned int *value)
   7          {
   8   1              ADC_CONTR = ADC_POWER | ADC_SPEEDLL | ch | ADC_START;
   9   1          _nop_();                        //Must wait before inquiry
  10   1          _nop_();
  11   1          _nop_();
  12   1          _nop_();
  13   1          _nop_();                        //Must wait before inquiry
  14   1          _nop_();
  15   1          while(!(ADC_CONTR & ADC_FLAG));//Wait complete flag
  16   1          ADC_CONTR &= ~ADC_FLAG;         //Close ADC
  17   1      
  18   1              *value = 0;
  19   1              *value = ADC_RES;
  20   1              *value = ((*value)*4 + ADC_LOW2);               //Return ADC result.×￠êíμ?′????ò・μ??8??ADC?á1?
  21   1      }
  22          /*----------------------------
  23          Initial ADC sfr
  24          ----------------------------*/
  25          void InitADC(void)
  26          {
  27   1      
  28   1        P1ASF = 0x40;                 //Open channels ADC function 0100 0000 p1.6使用AD功能
  29   1      
  30   1              ADC_RES  = 0;                                   //Clear previous result
  31   1              ADC_LOW2 = 0;
  32   1        ADC_CONTR = ADC_POWER | ADC_SPEEDLL;
  33   1      
  34   1                                                                      //ADC power-on and delay
  35   1      }


MODULE INFORMATION:   STATIC OVERLAYABLE
   CODE SIZE        =     72    ----
   CONSTANT SIZE    =   ----    ----
   XDATA SIZE       =   ----    ----
   PDATA SIZE       =   ----    ----
   DATA SIZE        =   ----    ----
   IDATA SIZE       =   ----    ----
   BIT SIZE         =   ----    ----
END OF MODULE INFORMATION.


C51 COMPILATION COMPLETE.  0 WARNING(S),  0 ERROR(S)
